Determining if the pthread_create exist failed with the following output:
Change Dir: /home/andesil/PSB/lib/CImg-1.5.8/examples/build/CMakeFiles/CMakeTmp

Run Build Command:/usr/bin/gmake "cmTryCompileExec3678718287/fast"
/usr/bin/gmake -f CMakeFiles/cmTryCompileExec3678718287.dir/build.make CMakeFiles/cmTryCompileExec3678718287.dir/build
gmake[1]: Entering directory `/home/andesil/PSB/lib/CImg-1.5.8/examples/build/CMakeFiles/CMakeTmp'
/usr/bin/cmake -E cmake_progress_report /home/andesil/PSB/lib/CImg-1.5.8/examples/build/CMakeFiles/CMakeTmp/CMakeFiles 1
Building C object CMakeFiles/cmTryCompileExec3678718287.dir/CheckSymbolExists.c.o
/usr/bin/cc    -o CMakeFiles/cmTryCompileExec3678718287.dir/CheckSymbolExists.c.o   -c /home/andesil/PSB/lib/CImg-1.5.8/examples/build/CMakeFiles/CMakeTmp/CheckSymbolExists.c
Linking C executable cmTryCompileExec3678718287
/usr/bin/cmake -E cmake_link_script CMakeFiles/cmTryCompileExec3678718287.dir/link.txt --verbose=1
/usr/bin/cc       CMakeFiles/cmTryCompileExec3678718287.dir/CheckSymbolExists.c.o  -o cmTryCompileExec3678718287 -rdynamic 
CMakeFiles/cmTryCompileExec3678718287.dir/CheckSymbolExists.c.o: In function `main':
CheckSymbolExists.c:(.text+0x2e): undefined reference to `pthread_create'
collect2: error: ld returned 1 exit status
gmake[1]: *** [cmTryCompileExec3678718287] Error 1
gmake[1]: Leaving directory `/home/andesil/PSB/lib/CImg-1.5.8/examples/build/CMakeFiles/CMakeTmp'
gmake: *** [cmTryCompileExec3678718287/fast] Error 2

File /home/andesil/PSB/lib/CImg-1.5.8/examples/build/CMakeFiles/CMakeTmp/CheckSymbolExists.c:
/* */
#include <pthread.h>

int main(int argc, char** argv)
{
  (void)argv;
#ifndef pthread_create
  return ((int*)(&pthread_create))[argc];
#else
  (void)argc;
  return 0;
#endif
}

Determining if the function pthread_create exists in the pthreads failed with the following output:
Change Dir: /home/andesil/PSB/lib/CImg-1.5.8/examples/build/CMakeFiles/CMakeTmp

Run Build Command:/usr/bin/gmake "cmTryCompileExec1225849813/fast"
/usr/bin/gmake -f CMakeFiles/cmTryCompileExec1225849813.dir/build.make CMakeFiles/cmTryCompileExec1225849813.dir/build
gmake[1]: Entering directory `/home/andesil/PSB/lib/CImg-1.5.8/examples/build/CMakeFiles/CMakeTmp'
/usr/bin/cmake -E cmake_progress_report /home/andesil/PSB/lib/CImg-1.5.8/examples/build/CMakeFiles/CMakeTmp/CMakeFiles 1
Building C object CMakeFiles/cmTryCompileExec1225849813.dir/CheckFunctionExists.c.o
/usr/bin/cc   -DCHECK_FUNCTION_EXISTS=pthread_create   -o CMakeFiles/cmTryCompileExec1225849813.dir/CheckFunctionExists.c.o   -c /usr/share/cmake/Modules/CheckFunctionExists.c
Linking C executable cmTryCompileExec1225849813
/usr/bin/cmake -E cmake_link_script CMakeFiles/cmTryCompileExec1225849813.dir/link.txt --verbose=1
/usr/bin/cc   -DCHECK_FUNCTION_EXISTS=pthread_create    CMakeFiles/cmTryCompileExec1225849813.dir/CheckFunctionExists.c.o  -o cmTryCompileExec1225849813 -rdynamic -lpthreads 
/usr/lib/gcc/x86_64-pc-linux-gnu/4.7.3/../../../../x86_64-pc-linux-gnu/bin/ld: cannot find -lpthreads
collect2: error: ld returned 1 exit status
gmake[1]: *** [cmTryCompileExec1225849813] Error 1
gmake[1]: Leaving directory `/home/andesil/PSB/lib/CImg-1.5.8/examples/build/CMakeFiles/CMakeTmp'
gmake: *** [cmTryCompileExec1225849813/fast] Error 2


